<?xml version="1.0" encoding="UTF-8"?>
<testsuites>
  <testsuite name="" tests="7" assertions="24" errors="0" warnings="0" failures="0" skipped="0" time="6.504974">
    <testsuite name="Spatie Test Suite" tests="7" assertions="24" errors="0" warnings="0" failures="0" skipped="0" time="6.504974">
      <testsuite name="Developmint\NpmStats\Test\NpmStatsTest" file="/Users/freek/dev/code/npm-stats-api/tests/NpmStatsTest.php" tests="7" assertions="24" errors="0" warnings="0" failures="0" skipped="0" time="6.504974">
        <testcase name="testItCanRetrievePointStats" class="Developmint\NpmStats\Test\NpmStatsTest" classname="Developmint.NpmStats.Test.NpmStatsTest" file="/Users/freek/dev/code/npm-stats-api/tests/NpmStatsTest.php" line="24" assertions="4" time="0.977543"/>
        <testcase name="testItCanRetrievePointBulkStats" class="Developmint\NpmStats\Test\NpmStatsTest" classname="Developmint.NpmStats.Test.NpmStatsTest" file="/Users/freek/dev/code/npm-stats-api/tests/NpmStatsTest.php" line="36" assertions="2" time="0.915493"/>
        <testcase name="testItCanRetrieveRangeStats" class="Developmint\NpmStats\Test\NpmStatsTest" classname="Developmint.NpmStats.Test.NpmStatsTest" file="/Users/freek/dev/code/npm-stats-api/tests/NpmStatsTest.php" line="46" assertions="6" time="0.859038"/>
        <testcase name="testItCanRetrieveYearlyStats" class="Developmint\NpmStats\Test\NpmStatsTest" classname="Developmint.NpmStats.Test.NpmStatsTest" file="/Users/freek/dev/code/npm-stats-api/tests/NpmStatsTest.php" line="60" assertions="5" time="0.984974"/>
        <testcase name="testItCanRetrieveYearlyStatsForBulk" class="Developmint\NpmStats\Test\NpmStatsTest" classname="Developmint.NpmStats.Test.NpmStatsTest" file="/Users/freek/dev/code/npm-stats-api/tests/NpmStatsTest.php" line="72" assertions="2" time="0.973280"/>
        <testcase name="testItCanRetrieveAllTimeStats" class="Developmint\NpmStats\Test\NpmStatsTest" classname="Developmint.NpmStats.Test.NpmStatsTest" file="/Users/freek/dev/code/npm-stats-api/tests/NpmStatsTest.php" line="80" assertions="4" time="0.874198"/>
        <testcase name="testItCanNotRetrieveAllTimeStatsForBulk" class="Developmint\NpmStats\Test\NpmStatsTest" classname="Developmint.NpmStats.Test.NpmStatsTest" file="/Users/freek/dev/code/npm-stats-api/tests/NpmStatsTest.php" line="90" assertions="1" time="0.920449"/>
      </testsuite>
    </testsuite>
  </testsuite>
</testsuites>
